<?xml version="1.0" encoding="UTF-8"?>
<!-- Generated by org.testng.reporters.JUnitReportReporter -->
<testsuite skipped="0" hostname="SumitLenovo" name="MyRunner.TestRunner" tests="1" failures="0" timestamp="07 Aug 2020 10:33:27 GMT" time="43.881" errors="0">
  <testcase name="scenario" time="43.881" classname="MyRunner.TestRunner"/>
</testsuite> <!-- MyRunner.TestRunner -->
